2026-07-09 16:38:52 [push] start
2026-07-09 16:39:00 [push] static build (exit 0)
2026-07-09 16:39:03 [push] pushed
2026-07-09 16:39:03 [push] done
2026-07-09 17:00:28 [push] start
2026-07-09 17:00:33 [push] static build (exit 0)
2026-07-09 17:00:36 [push] pushed
2026-07-09 17:00:36 [push] done
2026-07-10 07:36:50 [push] start
2026-07-10 07:36:52 [push] static build (exit 0)
2026-07-10 07:36:59 [push] pushed
2026-07-10 07:36:59 [push] done
2026-07-10 08:10:06 [morning] start
2026-07-10 08:13:00 [morning] forecast generated (exit 0)
2026-07-10 08:13:04 [morning] static build (exit 0)
2026-07-10 08:13:11 [morning] pushed
2026-07-10 08:13:11 [morning] done
2026-07-10 08:17:32 [push] start
2026-07-10 08:17:34 [push] static build (exit 0)
2026-07-10 08:17:38 [push] pushed
2026-07-10 08:17:38 [push] done
